1604133710255	geckodriver	INFO	Listening on 127.0.0.1:46065
1604133710265	mozrunner::runner	INFO	Running command: "/usr/bin/firefox" "--marionette" "--headless" "-foreground" "-no-remote" "-profile" "/tmp/rust_mozprofile9ywBRX"
*** You are running in headless mode.
console.warn: SearchSettings: "get: No settings file exists, new profile?" (new Error("", "(unknown module)"))
1604133711748	Marionette	INFO	Listening on port 41841
1604133711782	Marionette	WARN	TLS certificate errors will be ignored for this session
1604133734823	geckodriver	INFO	Listening on 127.0.0.1:33481
1604133734833	mozrunner::runner	INFO	Running command: "/usr/bin/firefox" "--marionette" "--headless" "-foreground" "-no-remote" "-profile" "/tmp/rust_mozprofilevHxoAC"
*** You are running in headless mode.
console.warn: SearchSettings: "get: No settings file exists, new profile?" (new Error("", "(unknown module)"))
1604133736409	Marionette	INFO	Listening on port 34431
1604133736469	Marionette	WARN	TLS certificate errors will be ignored for this session
1604133786263	geckodriver	INFO	Listening on 127.0.0.1:47303
1604133786268	mozrunner::runner	INFO	Running command: "/usr/bin/firefox" "--marionette" "--headless" "-foreground" "-no-remote" "-profile" "/tmp/rust_mozprofileNKMkFD"
*** You are running in headless mode.
console.warn: SearchSettings: "get: No settings file exists, new profile?" (new Error("", "(unknown module)"))
1604133787753	Marionette	INFO	Listening on port 43847
1604133787786	Marionette	WARN	TLS certificate errors will be ignored for this session
1604133796067	geckodriver	INFO	Listening on 127.0.0.1:45743
1604133796069	mozrunner::runner	INFO	Running command: "/usr/bin/firefox" "--marionette" "--headless" "-foreground" "-no-remote" "-profile" "/tmp/rust_mozprofileU15PRg"
*** You are running in headless mode.
console.warn: SearchSettings: "get: No settings file exists, new profile?" (new Error("", "(unknown module)"))
1604133797612	Marionette	INFO	Listening on port 35683
1604133797690	Marionette	WARN	TLS certificate errors will be ignored for this session
1604133804982	geckodriver	INFO	Listening on 127.0.0.1:37983
1604133804987	mozrunner::runner	INFO	Running command: "/usr/bin/firefox" "--marionette" "--headless" "-foreground" "-no-remote" "-profile" "/tmp/rust_mozprofileMO63am"
*** You are running in headless mode.
console.warn: SearchSettings: "get: No settings file exists, new profile?" (new Error("", "(unknown module)"))
1604133806485	Marionette	INFO	Listening on port 35121
1604133806508	Marionette	WARN	TLS certificate errors will be ignored for this session
1604133810845	geckodriver	INFO	Listening on 127.0.0.1:57409
1604133810848	mozrunner::runner	INFO	Running command: "/usr/bin/firefox" "--marionette" "--headless" "-foreground" "-no-remote" "-profile" "/tmp/rust_mozprofileVH0HOY"
*** You are running in headless mode.
console.warn: SearchSettings: "get: No settings file exists, new profile?" (new Error("", "(unknown module)"))
1604133812444	Marionette	INFO	Listening on port 39223
1604133812469	Marionette	WARN	TLS certificate errors will be ignored for this session
1604133842589	geckodriver	INFO	Listening on 127.0.0.1:56077
1604133842591	mozrunner::runner	INFO	Running command: "/usr/bin/firefox" "--marionette" "--headless" "-foreground" "-no-remote" "-profile" "/tmp/rust_mozprofile9F2cPx"
*** You are running in headless mode.
console.warn: SearchSettings: "get: No settings file exists, new profile?" (new Error("", "(unknown module)"))
1604133844185	Marionette	INFO	Listening on port 44555
1604133844210	Marionette	WARN	TLS certificate errors will be ignored for this session
1604133867095	geckodriver	INFO	Listening on 127.0.0.1:58317
1604133867097	mozrunner::runner	INFO	Running command: "/usr/bin/firefox" "--marionette" "--headless" "-foreground" "-no-remote" "-profile" "/tmp/rust_mozprofileM55UmZ"
*** You are running in headless mode.
console.warn: SearchSettings: "get: No settings file exists, new profile?" (new Error("", "(unknown module)"))
1604133868651	Marionette	INFO	Listening on port 45465
1604133868718	Marionette	WARN	TLS certificate errors will be ignored for this session
1604133871286	geckodriver	INFO	Listening on 127.0.0.1:42319
1604133871289	mozrunner::runner	INFO	Running command: "/usr/bin/firefox" "--marionette" "--headless" "-foreground" "-no-remote" "-profile" "/tmp/rust_mozprofileCzROKa"
*** You are running in headless mode.
console.warn: SearchSettings: "get: No settings file exists, new profile?" (new Error("", "(unknown module)"))
1604133872816	Marionette	INFO	Listening on port 41387
1604133872926	Marionette	WARN	TLS certificate errors will be ignored for this session
1604133882293	geckodriver	INFO	Listening on 127.0.0.1:51001
1604133882295	mozrunner::runner	INFO	Running command: "/usr/bin/firefox" "--marionette" "--headless" "-foreground" "-no-remote" "-profile" "/tmp/rust_mozprofilele3s4G"
*** You are running in headless mode.
console.warn: SearchSettings: "get: No settings file exists, new profile?" (new Error("", "(unknown module)"))
1604133883772	Marionette	INFO	Listening on port 36531
1604133883833	Marionette	WARN	TLS certificate errors will be ignored for this session
1604137358385	geckodriver	INFO	Listening on 127.0.0.1:45759
1604137358389	mozrunner::runner	INFO	Running command: "/usr/bin/firefox" "--marionette" "--headless" "-foreground" "-no-remote" "-profile" "/tmp/rust_mozprofileghzxry"
*** You are running in headless mode.
console.warn: SearchSettings: "get: No settings file exists, new profile?" (new Error("", "(unknown module)"))
1604137359925	Marionette	INFO	Listening on port 32835
1604137360011	Marionette	WARN	TLS certificate errors will be ignored for this session
1604137379871	geckodriver	INFO	Listening on 127.0.0.1:49963
1604137379874	mozrunner::runner	INFO	Running command: "/usr/bin/firefox" "--marionette" "--headless" "-foreground" "-no-remote" "-profile" "/tmp/rust_mozprofilecu4OEp"
*** You are running in headless mode.
console.warn: SearchSettings: "get: No settings file exists, new profile?" (new Error("", "(unknown module)"))
1604137381434	Marionette	INFO	Listening on port 42175
1604137381494	Marionette	WARN	TLS certificate errors will be ignored for this session
1604138010032	geckodriver	INFO	Listening on 127.0.0.1:46037
1604138010035	mozrunner::runner	INFO	Running command: "/usr/bin/firefox" "--marionette" "--headless" "-foreground" "-no-remote" "-profile" "/tmp/rust_mozprofile4Cpqxq"
*** You are running in headless mode.
console.warn: SearchSettings: "get: No settings file exists, new profile?" (new Error("", "(unknown module)"))
1604138011687	Marionette	INFO	Listening on port 36795
1604138011763	Marionette	WARN	TLS certificate errors will be ignored for this session
1604138242889	geckodriver	INFO	Listening on 127.0.0.1:37003
1604138242892	mozrunner::runner	INFO	Running command: "/usr/bin/firefox" "--marionette" "--headless" "-foreground" "-no-remote" "-profile" "/tmp/rust_mozprofileDVhq8J"
*** You are running in headless mode.
console.warn: SearchSettings: "get: No settings file exists, new profile?" (new Error("", "(unknown module)"))
1604138244467	Marionette	INFO	Listening on port 45297
1604138244510	Marionette	WARN	TLS certificate errors will be ignored for this session
1604138468179	geckodriver	INFO	Listening on 127.0.0.1:44991
1604138468183	mozrunner::runner	INFO	Running command: "/usr/bin/firefox" "--marionette" "--headless" "-foreground" "-no-remote" "-profile" "/tmp/rust_mozprofileKMNwhy"
*** You are running in headless mode.
console.warn: SearchSettings: "get: No settings file exists, new profile?" (new Error("", "(unknown module)"))
1604138469691	Marionette	INFO	Listening on port 35807
1604138469830	Marionette	WARN	TLS certificate errors will be ignored for this session
1604138499927	geckodriver	INFO	Listening on 127.0.0.1:52653
1604138499930	mozrunner::runner	INFO	Running command: "/usr/bin/firefox" "--marionette" "--headless" "-foreground" "-no-remote" "-profile" "/tmp/rust_mozprofilegKRzDu"
*** You are running in headless mode.
console.warn: SearchSettings: "get: No settings file exists, new profile?" (new Error("", "(unknown module)"))
1604138501544	Marionette	INFO	Listening on port 36943
1604138501668	Marionette	WARN	TLS certificate errors will be ignored for this session
